TN:
SF:JS\main.js
FN:15,(anonymous_0)
FN:16,(anonymous_1)
FN:17,(anonymous_2)
FN:26,addToDo
FN:38,savelocal
FN:48,getTodos
FN:55,(anonymous_6)
FN:59,renderToDo
FN:79,updateLocalTodos
FN:87,(anonymous_9)
FN:94,deletecheck
FN:99,(anonymous_11)
FN:110,removeLocalTodos
FN:118,(anonymous_13)
FN:123,changeTheme
FN:131,(anonymous_15)
FN:132,(anonymous_16)
FN:136,(anonymous_17)
FN:137,(anonymous_18)
FNF:19
FNH:10
FNDA:0,(anonymous_0)
FNDA:0,(anonymous_1)
FNDA:0,(anonymous_2)
FNDA:1,addToDo
FNDA:1,savelocal
FNDA:0,getTodos
FNDA:0,(anonymous_6)
FNDA:1,renderToDo
FNDA:1,updateLocalTodos
FNDA:1,(anonymous_9)
FNDA:0,deletecheck
FNDA:0,(anonymous_11)
FNDA:1,removeLocalTodos
FNDA:1,(anonymous_13)
FNDA:7,changeTheme
FNDA:0,(anonymous_15)
FNDA:0,(anonymous_16)
FNDA:7,(anonymous_17)
FNDA:8,(anonymous_18)
DA:3,6
DA:4,6
DA:5,6
DA:6,6
DA:7,6
DA:8,6
DA:12,6
DA:13,6
DA:14,6
DA:15,6
DA:16,6
DA:17,6
DA:20,6
DA:21,6
DA:27,1
DA:28,1
DA:29,1
DA:30,1
DA:31,1
DA:33,0
DA:34,0
DA:35,0
DA:36,0
DA:40,1
DA:41,1
DA:43,0
DA:45,1
DA:46,1
DA:50,0
DA:51,0
DA:53,0
DA:55,0
DA:56,0
DA:60,1
DA:61,1
DA:62,1
DA:63,1
DA:64,1
DA:65,1
DA:66,1
DA:67,1
DA:68,1
DA:69,1
DA:70,1
DA:71,1
DA:72,1
DA:73,1
DA:74,1
DA:75,0
DA:77,1
DA:81,1
DA:82,0
DA:84,1
DA:86,1
DA:87,1
DA:89,1
DA:90,1
DA:91,1
DA:95,0
DA:96,0
DA:97,0
DA:98,0
DA:99,0
DA:100,0
DA:103,0
DA:104,0
DA:105,0
DA:107,0
DA:112,1
DA:113,0
DA:115,1
DA:117,1
DA:118,1
DA:120,1
DA:121,1
DA:124,7
DA:125,7
DA:126,7
DA:127,7
DA:130,7
DA:131,7
DA:132,0
DA:136,7
DA:137,7
DA:138,8
DA:139,0
DA:140,8
DA:141,0
DA:142,8
DA:143,7
DA:148,6
DA:149,6
LF:92
LH:66
BRDA:21,0,0,6
BRDA:21,0,1,0
BRDA:29,1,0,1
BRDA:29,1,1,0
BRDA:40,2,0,1
BRDA:40,2,1,0
BRDA:50,3,0,0
BRDA:50,3,1,0
BRDA:74,4,0,0
BRDA:74,4,1,1
BRDA:81,5,0,0
BRDA:81,5,1,1
BRDA:89,6,0,1
BRDA:89,6,1,0
BRDA:96,7,0,0
BRDA:96,7,1,0
BRDA:103,8,0,0
BRDA:103,8,1,0
BRDA:112,9,0,0
BRDA:112,9,1,1
BRDA:127,10,0,1
BRDA:127,10,1,6
BRDA:132,11,0,0
BRDA:132,11,1,0
BRDA:138,12,0,0
BRDA:138,12,1,8
BRDA:140,13,0,0
BRDA:140,13,1,8
BRDA:142,14,0,7
BRDA:142,14,1,1
BRDA:148,15,0,6
BRDA:148,15,1,0
BRF:32
BRH:14
end_of_record
